<?xml version="1.0" encoding="utf-8"?><testsuites name="pytest tests"><testsuite name="pytest" errors="0" failures="0" skipped="0" tests="25" time="6.169" timestamp="2026-07-28T16:35:25.222013+00:00" hostname="agent-env-3835f307-e3e3-4030-9f47-cad73c5aef28"><testcase classname="tests.backend_test" name="test_health" time="0.281" /><testcase classname="tests.backend_test" name="test_signup_and_wallet_defaults" time="0.278" /><testcase classname="tests.backend_test" name="test_signup_duplicate" time="0.053" /><testcase classname="tests.backend_test" name="test_login_success" time="0.272" /><testcase classname="tests.backend_test" name="test_login_invalid" time="0.270" /><testcase classname="tests.backend_test" name="test_me" time="0.052" /><testcase classname="tests.backend_test" name="test_me_unauthorized" time="0.049" /><testcase classname="tests.backend_test" name="test_generate_image" time="2.761" /><testcase classname="tests.backend_test" name="test_generate_video" time="0.050" /><testcase classname="tests.backend_test" name="test_generate_audio" time="0.048" /><testcase classname="tests.backend_test" name="test_generate_video_insufficient" time="0.049" /><testcase classname="tests.backend_test" name="test_list_creations" time="0.047" /><testcase classname="tests.backend_test" name="test_delete_creation" time="0.098" /><testcase classname="tests.backend_test" name="test_bookstream_content" time="0.046" /><testcase classname="tests.backend_test" name="test_bookstream_content_detail" time="0.056" /><testcase classname="tests.backend_test" name="test_bookstream_content_not_found" time="0.053" /><testcase classname="tests.backend_test" name="test_bookstream_languages" time="0.063" /><testcase classname="tests.backend_test" name="test_bookstream_dub_insufficient" time="0.054" /><testcase classname="tests.backend_test" name="test_bookstream_trial_first_ok" time="0.050" /><testcase classname="tests.backend_test" name="test_bookstream_trial_second_blocked" time="0.050" /><testcase classname="tests.backend_test" name="test_get_plans" time="0.052" /><testcase classname="tests.backend_test" name="test_checkout_free_plan_rejected" time="0.051" /><testcase classname="tests.backend_test" name="test_checkout_unknown_package" time="0.051" /><testcase classname="tests.backend_test" name="test_checkout_creates_session" time="0.713" /><testcase classname="tests.backend_test" name="test_payment_status_not_found" time="0.058" /></testsuite></testsuites>