<?xml version="1.0" encoding="utf-8"?><testsuites name="pytest tests"><testsuite name="pytest" errors="0" failures="0" skipped="0" tests="25" time="14.890" timestamp="2026-07-30T06:04:04.632272+00:00" hostname="agent-env-3835f307-e3e3-4030-9f47-cad73c5aef28"><testcase classname="tests.backend_test" name="test_health" time="0.335" /><testcase classname="tests.backend_test" name="test_signup_and_wallet_defaults" time="0.278" /><testcase classname="tests.backend_test" name="test_signup_duplicate" time="0.044" /><testcase classname="tests.backend_test" name="test_login_success" time="0.273" /><testcase classname="tests.backend_test" name="test_login_invalid" time="0.267" /><testcase classname="tests.backend_test" name="test_me" time="0.048" /><testcase classname="tests.backend_test" name="test_me_unauthorized" time="0.044" /><testcase classname="tests.backend_test" name="test_generate_image" time="9.404" /><testcase classname="tests.backend_test" name="test_generate_video" time="0.051" /><testcase classname="tests.backend_test" name="test_generate_audio" time="2.156" /><testcase classname="tests.backend_test" name="test_generate_video_insufficient" time="0.047" /><testcase classname="tests.backend_test" name="test_list_creations" time="0.126" /><testcase classname="tests.backend_test" name="test_delete_creation" time="0.181" /><testcase classname="tests.backend_test" name="test_bookstream_content" time="0.045" /><testcase classname="tests.backend_test" name="test_bookstream_content_detail" time="0.044" /><testcase classname="tests.backend_test" name="test_bookstream_content_not_found" time="0.042" /><testcase classname="tests.backend_test" name="test_bookstream_languages" time="0.043" /><testcase classname="tests.backend_test" name="test_bookstream_dub_insufficient" time="0.044" /><testcase classname="tests.backend_test" name="test_bookstream_trial_first_ok" time="0.046" /><testcase classname="tests.backend_test" name="test_bookstream_trial_second_blocked" time="0.046" /><testcase classname="tests.backend_test" name="test_get_plans" time="0.043" /><testcase classname="tests.backend_test" name="test_checkout_free_plan_rejected" time="0.046" /><testcase classname="tests.backend_test" name="test_checkout_unknown_package" time="0.125" /><testcase classname="tests.backend_test" name="test_checkout_creates_session" time="0.535" /><testcase classname="tests.backend_test" name="test_payment_status_not_found" time="0.046" /></testsuite></testsuites>